<?xml version="1.0" encoding="UTF-8"?>
<testsuite name="pro4.prog4.AppTest" tests="1" skipped="0" failures="0" errors="0" timestamp="2025-06-04T15:59:28" hostname="DESKTOP-GB64Q04" time="0.005">
  <properties/>
  <testcase name="testApp" classname="pro4.prog4.AppTest" time="0.005"/>
  <system-out><![CDATA[]]></system-out>
  <system-err><![CDATA[]]></system-err>
</testsuite>
